2025-08-17 02:52:06.634 - SignalR Consumer Starting...
2025-08-17 02:52:07.592 - SignalR server started on http://localhost:8081
2025-08-17 02:52:07.592 - Waiting for messages...
2025-08-17 02:52:25.595 - Received 1000 test messages so far...
2025-08-17 02:52:26.233 - Received 2000 test messages so far...
2025-08-17 02:52:26.793 - Received 3000 test messages so far...
2025-08-17 02:52:27.349 - Received 4000 test messages so far...
2025-08-17 02:52:27.901 - Received 5000 test messages so far...
2025-08-17 02:52:28.465 - Received 6000 test messages so far...
2025-08-17 02:52:29.019 - Received 7000 test messages so far...
2025-08-17 02:52:29.575 - Received 8000 test messages so far...
2025-08-17 02:52:30.130 - Received 9000 test messages so far...
2025-08-17 02:52:30.683 - Received 10000 test messages so far...
2025-08-17 02:52:30.683 - All test messages received. Calculating statistics...
2025-08-17 02:52:30.702 - === SignalR Performance Results ===
2025-08-17 02:52:30.702 - Total Messages: 10000
2025-08-17 02:52:30.704 - Test Duration: 5.80 seconds
2025-08-17 02:52:30.704 - Throughput: 1724.74 messages/second
2025-08-17 02:52:30.705 - Latency Statistics (ms):
2025-08-17 02:52:30.705 -   Min: 5.415
2025-08-17 02:52:30.706 -   Max: 5803.380
2025-08-17 02:52:30.706 -   Mean: 3009.476
2025-08-17 02:52:30.706 -   Median: 3023.094
2025-08-17 02:52:30.707 -   95th Percentile: 5532.232
2025-08-17 02:52:30.707 -   99th Percentile: 5750.243
2025-08-17 02:52:30.717 - Detailed results saved to: signalr-results-20250817-025230.csv
