2025-08-17 02:51:07.857 - SignalR Consumer Starting...
2025-08-17 02:51:08.885 - SignalR server started on http://localhost:8081
2025-08-17 02:51:08.886 - Waiting for messages...
2025-08-17 02:51:28.599 - Received 1000 test messages so far...
2025-08-17 02:51:29.246 - Received 2000 test messages so far...
2025-08-17 02:51:29.833 - Received 3000 test messages so far...
2025-08-17 02:51:30.381 - Received 4000 test messages so far...
2025-08-17 02:51:30.935 - Received 5000 test messages so far...
2025-08-17 02:51:31.481 - Received 6000 test messages so far...
2025-08-17 02:51:32.041 - Received 7000 test messages so far...
2025-08-17 02:51:32.614 - Received 8000 test messages so far...
2025-08-17 02:51:33.165 - Received 9000 test messages so far...
2025-08-17 02:51:33.717 - Received 10000 test messages so far...
2025-08-17 02:51:33.717 - All test messages received. Calculating statistics...
2025-08-17 02:51:33.737 - === SignalR Performance Results ===
2025-08-17 02:51:33.738 - Total Messages: 10000
2025-08-17 02:51:33.739 - Test Duration: 5.80 seconds
2025-08-17 02:51:33.739 - Throughput: 1724.24 messages/second
2025-08-17 02:51:33.740 - Latency Statistics (ms):
2025-08-17 02:51:33.740 -   Min: 5.176
2025-08-17 02:51:33.741 -   Max: 5804.819
2025-08-17 02:51:33.741 -   Mean: 3002.558
2025-08-17 02:51:33.741 -   Median: 3024.838
2025-08-17 02:51:33.742 -   95th Percentile: 5524.096
2025-08-17 02:51:33.742 -   99th Percentile: 5747.024
2025-08-17 02:51:33.756 - Detailed results saved to: signalr-results-20250817-025133.csv
