2025-08-17 02:47:34.247 - SignalR Consumer Starting...
2025-08-17 02:47:35.263 - SignalR server started on http://localhost:8081
2025-08-17 02:47:35.264 - Waiting for messages...
2025-08-17 02:47:55.059 - Received 1000 test messages so far...
2025-08-17 02:47:55.863 - Received 2000 test messages so far...
2025-08-17 02:47:56.639 - Received 3000 test messages so far...
2025-08-17 02:47:57.418 - Received 4000 test messages so far...
2025-08-17 02:47:58.194 - Received 5000 test messages so far...
2025-08-17 02:47:58.963 - Received 6000 test messages so far...
2025-08-17 02:47:59.727 - Received 7000 test messages so far...
2025-08-17 02:48:00.496 - Received 8000 test messages so far...
2025-08-17 02:48:01.262 - Received 9000 test messages so far...
2025-08-17 02:48:02.062 - Received 10000 test messages so far...
2025-08-17 02:48:02.063 - All test messages received. Calculating statistics...
2025-08-17 02:48:02.088 - === SignalR Performance Results ===
2025-08-17 02:48:02.089 - Total Messages: 10000
2025-08-17 02:48:02.090 - Test Duration: 7.95 seconds
2025-08-17 02:48:02.090 - Throughput: 1258.25 messages/second
2025-08-17 02:48:02.091 - Latency Statistics (ms):
2025-08-17 02:48:02.091 -   Min: 0.103
2025-08-17 02:48:02.092 -   Max: 4.702
2025-08-17 02:48:02.092 -   Mean: 0.300
2025-08-17 02:48:02.093 -   Median: 0.282
2025-08-17 02:48:02.093 -   95th Percentile: 0.466
2025-08-17 02:48:02.093 -   99th Percentile: 0.651
2025-08-17 02:48:02.104 - Detailed results saved to: signalr-results-20250817-024802.csv
